#
# There is insufficient memory for the Java Runtime Environment to continue.
# Native memory allocation (malloc) failed to allocate 879104 bytes for Chunk::new
# Possible reasons:
#   The system is out of physical RAM or swap space
#   In 32 bit mode, the process size limit was hit
# Possible solutions:
#   Reduce memory load on the system
#   Increase physical memory or swap space
#   Check if swap backing store is full
#   Use 64 bit Java on a 64 bit OS
#   Decrease Java heap size (-Xmx/-Xms)
#   Decrease number of Java threads
#   Decrease Java thread stack sizes (-Xss)
#   Set larger code cache with -XX:ReservedCodeCacheSize=
# This output file may be truncated or incomplete.
#
#  Out of Memory Error (allocation.cpp:323), pid=10164, tid=5232
#
# JRE version: Java(TM) SE Runtime Environment (7.0_79-b15) (build 1.7.0_79-b15)
# Java VM: Java HotSpot(TM) 64-Bit Server VM (24.79-b02 mixed mode windows-amd64 compressed oops)
# Failed to write core dump. Minidumps are not enabled by default on client versions of Windows
#

---------------  T H R E A D  ---------------

Current thread (0x000000000214e800):  JavaThread "C2 CompilerThread0" daemon [_thread_in_native, id=5232, stack(0x000000000b070000,0x000000000b170000)]

Stack: [0x000000000b070000,0x000000000b170000]
[error occurred during error reporting (printing stack bounds), id 0xc0000005]


Current CompileTask:
C2:3963887 2920             org.objectweb.asm.ClassReader::a (3271 bytes)


---------------  P R O C E S S  ---------------

Java Threads: ( => current thread )
  0x000000000eff2000 JavaThread "Forward streams with process: command 'C:\Program Files\Java\jdk1.7.0_79\bin\java.exe' Thread 3" [_thread_in_native, id=6844, stack(0x0000000012950000,0x0000000012a50000)]
  0x000000000eff5000 JavaThread "Forward streams with process: command 'C:\Program Files\Java\jdk1.7.0_79\bin\java.exe' Thread 2" [_thread_in_native, id=10016, stack(0x0000000012850000,0x0000000012950000)]
  0x000000000eff4800 JavaThread "Forward streams with process: command 'C:\Program Files\Java\jdk1.7.0_79\bin\java.exe'" [_thread_blocked, id=11700, stack(0x0000000012750000,0x0000000012850000)]
  0x000000000eff0800 JavaThread "Forward streams with process: command 'C:\Program Files\Java\jdk1.7.0_79\bin\java.exe' Thread 3" [_thread_in_native, id=12872, stack(0x0000000012650000,0x0000000012750000)]
  0x000000000eff1800 JavaThread "Forward streams with process: command 'C:\Program Files\Java\jdk1.7.0_79\bin\java.exe' Thread 2" [_thread_in_native, id=12456, stack(0x0000000012550000,0x0000000012650000)]
  0x000000000eff3800 JavaThread "Forward streams with process: command 'C:\Program Files\Java\jdk1.7.0_79\bin\java.exe'" [_thread_blocked, id=6636, stack(0x0000000012450000,0x0000000012550000)]
  0x000000000e1bc000 JavaThread "Forward streams with process: command 'C:\Program Files\Java\jdk1.7.0_79\bin\java.exe' Thread 3" [_thread_in_native, id=9736, stack(0x0000000011d50000,0x0000000011e50000)]
  0x000000000e1bb800 JavaThread "Forward streams with process: command 'C:\Program Files\Java\jdk1.7.0_79\bin\java.exe' Thread 2" [_thread_in_native, id=9568, stack(0x0000000012250000,0x0000000012350000)]
  0x000000000e1b7800 JavaThread "Forward streams with process: command 'C:\Program Files\Java\jdk1.7.0_79\bin\java.exe'" [_thread_blocked, id=1196, stack(0x0000000012150000,0x0000000012250000)]
  0x000000000b715800 JavaThread "Forward streams with process: command 'C:\Program Files\Java\jdk1.7.0_79\bin\java.exe' Thread 3" [_thread_in_native, id=8132, stack(0x0000000012050000,0x0000000012150000)]
  0x000000000b717000 JavaThread "Forward streams with process: command 'C:\Program Files\Java\jdk1.7.0_79\bin\java.exe' Thread 2" [_thread_in_native, id=12700, stack(0x0000000011f50000,0x0000000012050000)]
  0x000000000b713800 JavaThread "Forward streams with process: command 'C:\Program Files\Java\jdk1.7.0_79\bin\java.exe'" [_thread_blocked, id=6004, stack(0x0000000011e50000,0x0000000011f50000)]
  0x000000000b712000 JavaThread "Run command 'C:\Program Files\Java\jdk1.7.0_79\bin\java.exe'" [_thread_in_native, id=3056, stack(0x0000000011c50000,0x0000000011d50000)]
  0x000000000b711000 JavaThread "Run command 'C:\Program Files\Java\jdk1.7.0_79\bin\java.exe'" [_thread_in_native, id=12184, stack(0x0000000011b50000,0x0000000011c50000)]
  0x000000000b710800 JavaThread "Run command 'C:\Program Files\Java\jdk1.7.0_79\bin\java.exe'" [_thread_in_native, id=3104, stack(0x0000000011a50000,0x0000000011b50000)]
  0x000000000b712800 JavaThread "Run command 'C:\Program Files\Java\jdk1.7.0_79\bin\java.exe'" [_thread_in_native, id=9620, stack(0x0000000011950000,0x0000000011a50000)]
  0x000000000e1b8800 JavaThread "pool-14-thread-8" [_thread_blocked, id=12992, stack(0x00000000116a0000,0x00000000117a0000)]
  0x000000000e1ba000 JavaThread "pool-14-thread-7" [_thread_blocked, id=6360, stack(0x00000000115a0000,0x00000000116a0000)]
  0x000000000e1ba800 JavaThread "pool-14-thread-6" [_thread_blocked, id=7976, stack(0x00000000114a0000,0x00000000115a0000)]
  0x000000000e1b4000 JavaThread "pool-14-thread-5" [_thread_blocked, id=4836, stack(0x00000000113a0000,0x00000000114a0000)]
  0x000000000e1b7000 JavaThread "pool-14-thread-4" [_thread_blocked, id=1856, stack(0x00000000112a0000,0x00000000113a0000)]
  0x000000000e1b3000 JavaThread "pool-14-thread-3" [_thread_blocked, id=13044, stack(0x00000000111a0000,0x00000000112a0000)]
  0x000000000e1b6000 JavaThread "pool-14-thread-2" [_thread_blocked, id=1648, stack(0x0000000010ca0000,0x0000000010da0000)]
  0x000000000e1b2800 JavaThread "pool-14-thread-1" [_thread_blocked, id=10268, stack(0x000000000faf0000,0x000000000fbf0000)]
  0x000000000e1b4800 JavaThread "Stdin handler" [_thread_blocked, id=232, stack(0x000000000d930000,0x000000000da30000)]
  0x000000000e1b5800 JavaThread "Asynchronous log dispatcher for org.gradle.launcher.daemon.server.DefaultDaemonConnection@77c661f9" [_thread_blocked, id=12308, stack(0x000000000c6a0000,0x000000000c7a0000)]
  0x000000000e1ae800 JavaThread "Daemon worker Thread 9" [_thread_blocked, id=10332, stack(0x000000000c560000,0x000000000c660000)]
  0x000000000e1af800 JavaThread "Cancel handler" [_thread_blocked, id=2188, stack(0x000000000c460000,0x000000000c560000)]
  0x000000000e1b1000 JavaThread "Handler for socket connection from /127.0.0.1:63041 to /127.0.0.1:51352" [_thread_in_native, id=9416, stack(0x000000000c360000,0x000000000c460000)]
  0x000000000e1b1800 JavaThread "Daemon Thread 9" [_thread_blocked, id=10612, stack(0x000000000c260000,0x000000000c360000)]
  0x000000000e1ae000 JavaThread "pool-3-thread-4" [_thread_blocked, id=12576, stack(0x00000000110a0000,0x00000000111a0000)]
  0x000000000e1ad000 JavaThread "pool-3-thread-3" [_thread_blocked, id=10824, stack(0x0000000010fa0000,0x00000000110a0000)]
  0x000000000b716800 JavaThread "pool-3-thread-2" [_thread_blocked, id=9200, stack(0x0000000010ea0000,0x0000000010fa0000)]
  0x000000000b714000 JavaThread "pool-3-thread-1" [_thread_blocked, id=11176, stack(0x0000000010da0000,0x0000000010ea0000)]
  0x000000000cccc800 JavaThread "File lock request listener" [_thread_in_native, id=8264, stack(0x000000000d830000,0x000000000d930000)]
  0x000000000b8ec000 JavaThread "Incoming local TCP Connector on port 63041" [_thread_in_native, id=12264, stack(0x000000000c060000,0x000000000c160000)]
  0x000000000baa1000 JavaThread "pool-1-thread-1" [_thread_blocked, id=11308, stack(0x000000000bc70000,0x000000000bd70000)]
  0x000000000aa96000 JavaThread "Service Thread" daemon [_thread_blocked, id=10472, stack(0x000000000b270000,0x000000000b370000)]
  0x0000000002159000 JavaThread "C2 CompilerThread1" daemon [_thread_blocked, id=5704, stack(0x000000000b170000,0x000000000b270000)]
=>0x000000000214e800 JavaThread "C2 CompilerThread0" daemon [_thread_in_native, id=5232, stack(0x000000000b070000,0x000000000b170000)]
  0x000000000214e000 JavaThread "Attach Listener" daemon [_thread_blocked, id=7960, stack(0x000000000af70000,0x000000000b070000)]
  0x000000000aa91800 JavaThread "Signal Dispatcher" daemon [_thread_blocked, id=10044, stack(0x000000000ae70000,0x000000000af70000)]
  0x0000000008aa1000 JavaThread "Finalizer" daemon [_thread_blocked, id=7768, stack(0x000000000a970000,0x000000000aa70000)]
  0x0000000008a9a800 JavaThread "Reference Handler" daemon [_thread_blocked, id=11596, stack(0x000000000a870000,0x000000000a970000)]
  0x0000000002062800 JavaThread "main" [_thread_blocked, id=3612, stack(0x0000000001eb0000,0x0000000001fb0000)]

Other Threads:
  0x0000000008a95800 VMThread [stack: 0x000000000a770000,0x000000000a870000] [id=11712]
  0x000000000215e800 WatcherThread [stack: 0x000000000b370000,0x000000000b470000] [id=10076]

VM state:not at safepoint (normal execution)

VM Mutex/Monitor currently owned by a thread: None

Heap
 PSYoungGen      total 115712K, used 2625K [0x00000000eaa80000, 0x00000000f3000000, 0x0000000100000000)
  eden space 101888K, 1% used [0x00000000eaa80000,0x00000000eac60570,0x00000000f0e00000)
  from space 13824K, 5% used [0x00000000f2280000,0x00000000f2330000,0x00000000f3000000)
  to   space 17408K, 0% used [0x00000000f0e00000,0x00000000f0e00000,0x00000000f1f00000)
 ParOldGen       total 86016K, used 43959K [0x00000000c0000000, 0x00000000c5400000, 0x00000000eaa80000)
  object space 86016K, 51% used [0x00000000c0000000,0x00000000c2aeddb0,0x00000000c5400000)
 PSPermGen       total 86016K, used 64888K [0x00000000b0000000, 0x00000000b5400000, 0x00000000c0000000)
  object space 86016K, 75% used [0x00000000b0000000,0x00000000b3f5e1b0,0x00000000b5400000)

Card table byte_map: [0x0000000005220000,0x00000000054b0000] byte_map_base: 0x0000000004ca0000

Polling page: 0x0000000001e50000

Code Cache  [0x0000000002160000, 0x0000000002b80000, 0x0000000005160000)
 total_blobs=3379 nmethods=2683 adapters=647 free_code_cache=39029Kb largest_free_block=39724736

Compilation events (10 events):
Event: 3963.529 Thread 0x0000000002159000 2931             com.google.common.collect.AbstractMapBasedMultimap::get (31 bytes)
Event: 3963.537 Thread 0x0000000002159000 nmethod 2931 0x0000000002b47410 code [0x0000000002b475e0, 0x0000000002b47c48]
Event: 3963.538 Thread 0x0000000002159000 2932             com.google.common.primitives.Ints::saturatedCast (25 bytes)
Event: 3963.538 Thread 0x0000000002159000 nmethod 2932 0x0000000002b19890 code [0x0000000002b199c0, 0x0000000002b19a18]
Event: 3963.538 Thread 0x0000000002159000 2933             java.util.Properties::load0 (250 bytes)
Event: 3963.551 Thread 0x0000000002159000 nmethod 2933 0x0000000002b34d90 code [0x0000000002b34f20, 0x0000000002b35760]
Event: 3963.551 Thread 0x0000000002159000 2934             java.io.Win32FileSystem::isAbsolute (36 bytes)
Event: 3963.552 Thread 0x0000000002159000 nmethod 2934 0x0000000002410910 code [0x0000000002410a60, 0x0000000002410b28]
Event: 3963.552 Thread 0x0000000002159000 2935             java.nio.HeapCharBuffer::ix (7 bytes)
Event: 3963.553 Thread 0x0000000002159000 nmethod 2935 0x0000000002b34b90 code [0x0000000002b34cc0, 0x0000000002b34d18]

GC Heap History (10 events):
Event: 3947.467 GC heap before
{Heap before GC invocations=41 (full 9):
 PSYoungGen      total 130048K, used 129814K [0x00000000eaa80000, 0x00000000f4480000, 0x0000000100000000)
  eden space 122880K, 100% used [0x00000000eaa80000,0x00000000f2280000,0x00000000f2280000)
  from space 7168K, 96% used [0x00000000f2700000,0x00000000f2dc5a60,0x00000000f2e00000)
  to   space 17408K, 0% used [0x00000000f3380000,0x00000000f3380000,0x00000000f4480000)
 ParOldGen       total 86016K, used 27241K [0x00000000c0000000, 0x00000000c5400000, 0x00000000eaa80000)
  object space 86016K, 31% used [0x00000000c0000000,0x00000000c1a9a748,0x00000000c5400000)
 PSPermGen       total 86016K, used 55523K [0x00000000b0000000, 0x00000000b5400000, 0x00000000c0000000)
  object space 86016K, 64% used [0x00000000b0000000,0x00000000b3638cf0,0x00000000b5400000)
Event: 3947.475 GC heap after
Heap after GC invocations=41 (full 9):
 PSYoungGen      total 130048K, used 7596K [0x00000000eaa80000, 0x00000000f3f00000, 0x0000000100000000)
  eden space 118272K, 0% used [0x00000000eaa80000,0x00000000eaa80000,0x00000000f1e00000)
  from space 11776K, 64% used [0x00000000f3380000,0x00000000f3aeb010,0x00000000f3f00000)
  to   space 16896K, 0% used [0x00000000f1e00000,0x00000000f1e00000,0x00000000f2e80000)
 ParOldGen       total 86016K, used 31993K [0x00000000c0000000, 0x00000000c5400000, 0x00000000eaa80000)
  object space 86016K, 37% used [0x00000000c0000000,0x00000000c1f3e520,0x00000000c5400000)
 PSPermGen       total 86016K, used 55523K [0x00000000b0000000, 0x00000000b5400000, 0x00000000c0000000)
  object space 86016K, 64% used [0x00000000b0000000,0x00000000b3638cf0,0x00000000b5400000)
}
Event: 3958.602 GC heap before
{Heap before GC invocations=42 (full 9):
 PSYoungGen      total 130048K, used 125868K [0x00000000eaa80000, 0x00000000f3f00000, 0x0000000100000000)
  eden space 118272K, 100% used [0x00000000eaa80000,0x00000000f1e00000,0x00000000f1e00000)
  from space 11776K, 64% used [0x00000000f3380000,0x00000000f3aeb010,0x00000000f3f00000)
  to   space 16896K, 0% used [0x00000000f1e00000,0x00000000f1e00000,0x00000000f2e80000)
 ParOldGen       total 86016K, used 31993K [0x00000000c0000000, 0x00000000c5400000, 0x00000000eaa80000)
  object space 86016K, 37% used [0x00000000c0000000,0x00000000c1f3e520,0x00000000c5400000)
 PSPermGen       total 86016K, used 55540K [0x00000000b0000000, 0x00000000b5400000, 0x00000000c0000000)
  object space 86016K, 64% used [0x00000000b0000000,0x00000000b363d308,0x00000000b5400000)
Event: 3958.608 GC heap after
Heap after GC invocations=42 (full 9):
 PSYoungGen      total 116224K, used 2368K [0x00000000eaa80000, 0x00000000f3980000, 0x0000000100000000)
  eden space 113664K, 0% used [0x00000000eaa80000,0x00000000eaa80000,0x00000000f1980000)
  from space 2560K, 92% used [0x00000000f1e00000,0x00000000f2050000,0x00000000f2080000)
  to   space 16384K, 0% used [0x00000000f2980000,0x00000000f2980000,0x00000000f3980000)
 ParOldGen       total 86016K, used 32309K [0x00000000c0000000, 0x00000000c5400000, 0x00000000eaa80000)
  object space 86016K, 37% used [0x00000000c0000000,0x00000000c1f8d5b0,0x00000000c5400000)
 PSPermGen       total 86016K, used 55540K [0x00000000b0000000, 0x00000000b5400000, 0x00000000c0000000)
  object space 86016K, 64% used [0x00000000b0000000,0x00000000b363d308,0x00000000b5400000)
}
Event: 3960.507 GC heap before
{Heap before GC invocations=43 (full 9):
 PSYoungGen      total 116224K, used 116032K [0x00000000eaa80000, 0x00000000f3980000, 0x0000000100000000)
  eden space 113664K, 100% used [0x00000000eaa80000,0x00000000f1980000,0x00000000f1980000)
  from space 2560K, 92% used [0x00000000f1e00000,0x00000000f2050000,0x00000000f2080000)
  to   space 16384K, 0% used [0x00000000f2980000,0x00000000f2980000,0x00000000f3980000)
 ParOldGen       total 86016K, used 32309K [0x00000000c0000000, 0x00000000c5400000, 0x00000000eaa80000)
  object space 86016K, 37% used [0x00000000c0000000,0x00000000c1f8d5b0,0x00000000c5400000)
 PSPermGen       total 86016K, used 60838K [0x00000000b0000000, 0x00000000b5400000, 0x00000000c0000000)
  object space 86016K, 70% used [0x00000000b0000000,0x00000000b3b69b58,0x00000000b5400000)
Event: 3960.515 GC heap after
Heap after GC invocations=43 (full 9):
 PSYoungGen      total 125952K, used 13617K [0x00000000eaa80000, 0x00000000f3980000, 0x0000000100000000)
  eden space 109568K, 0% used [0x00000000eaa80000,0x00000000eaa80000,0x00000000f1580000)
  from space 16384K, 83% used [0x00000000f2980000,0x00000000f36cc760,0x00000000f3980000)
  to   space 18432K, 0% used [0x00000000f1580000,0x00000000f1580000,0x00000000f2780000)
 ParOldGen       total 86016K, used 33121K [0x00000000c0000000, 0x00000000c5400000, 0x00000000eaa80000)
  object space 86016K, 38% used [0x00000000c0000000,0x00000000c20585e0,0x00000000c5400000)
 PSPermGen       total 86016K, used 60838K [0x00000000b0000000, 0x00000000b5400000, 0x00000000c0000000)
  object space 86016K, 70% used [0x00000000b0000000,0x00000000b3b69b58,0x00000000b5400000)
}
Event: 3962.480 GC heap before
{Heap before GC invocations=44 (full 9):
 PSYoungGen      total 125952K, used 123185K [0x00000000eaa80000, 0x00000000f3980000, 0x0000000100000000)
  eden space 109568K, 100% used [0x00000000eaa80000,0x00000000f1580000,0x00000000f1580000)
  from space 16384K, 83% used [0x00000000f2980000,0x00000000f36cc760,0x00000000f3980000)
  to   space 18432K, 0% used [0x00000000f1580000,0x00000000f1580000,0x00000000f2780000)
 ParOldGen       total 86016K, used 33121K [0x00000000c0000000, 0x00000000c5400000, 0x00000000eaa80000)
  object space 86016K, 38% used [0x00000000c0000000,0x00000000c20585e0,0x00000000c5400000)
 PSPermGen       total 86016K, used 64765K [0x00000000b0000000, 0x00000000b5400000, 0x00000000c0000000)
  object space 86016K, 75% used [0x00000000b0000000,0x00000000b3f3f680,0x00000000b5400000)
Event: 3962.508 GC heap after
Heap after GC invocations=44 (full 9):
 PSYoungGen      total 113152K, used 7223K [0x00000000eaa80000, 0x00000000f3380000, 0x0000000100000000)
  eden space 105472K, 0% used [0x00000000eaa80000,0x00000000eaa80000,0x00000000f1180000)
  from space 7680K, 94% used [0x00000000f1580000,0x00000000f1c8dd98,0x00000000f1d00000)
  to   space 17408K, 0% used [0x00000000f2280000,0x00000000f2280000,0x00000000f3380000)
 ParOldGen       total 86016K, used 40843K [0x00000000c0000000, 0x00000000c5400000, 0x00000000eaa80000)
  object space 86016K, 47% used [0x00000000c0000000,0x00000000c27e2fd0,0x00000000c5400000)
 PSPermGen       total 86016K, used 64765K [0x00000000b0000000, 0x00000000b5400000, 0x00000000c0000000)
  object space 86016K, 75% used [0x00000000b0000000,0x00000000b3f3f680,0x00000000b5400000)
}
Event: 3963.553 GC heap before
{Heap before GC invocations=45 (full 9):
 PSYoungGen      total 113152K, used 112695K [0x00000000eaa80000, 0x00000000f3380000, 0x0000000100000000)
  eden space 105472K, 100% used [0x00000000eaa80000,0x00000000f1180000,0x00000000f1180000)
  from space 7680K, 94% used [0x00000000f1580000,0x00000000f1c8dd98,0x00000000f1d00000)
  to   space 17408K, 0% used [0x00000000f2280000,0x00000000f2280000,0x00000000f3380000)
 ParOldGen       total 86016K, used 40843K [0x00000000c0000000, 0x00000000c5400000, 0x00000000eaa80000)
  object space 86016K, 47% used [0x00000000c0000000,0x00000000c27e2fd0,0x00000000c5400000)
 PSPermGen       total 86016K, used 64888K [0x00000000b0000000, 0x00000000b5400000, 0x00000000c0000000)
  object space 86016K, 75% used [0x00000000b0000000,0x00000000b3f5e1b0,0x00000000b5400000)
Event: 3963.559 GC heap after
Heap after GC invocations=45 (full 9):
 PSYoungGen      total 115712K, used 704K [0x00000000eaa80000, 0x00000000f3000000, 0x0000000100000000)
  eden space 101888K, 0% used [0x00000000eaa80000,0x00000000eaa80000,0x00000000f0e00000)
  from space 13824K, 5% used [0x00000000f2280000,0x00000000f2330000,0x00000000f3000000)
  to   space 17408K, 0% used [0x00000000f0e00000,0x00000000f0e00000,0x00000000f1f00000)
 ParOldGen       total 86016K, used 43959K [0x00000000c0000000, 0x00000000c5400000, 0x00000000eaa80000)
  object space 86016K, 51% used [0x00000000c0000000,0x00000000c2aeddb0,0x00000000c5400000)
 PSPermGen       total 86016K, used 64888K [0x00000000b0000000, 0x00000000b5400000, 0x00000000c0000000)
  object space 86016K, 75% used [0x00000000b0000000,0x00000000b3f5e1b0,0x00000000b5400000)
}

Deoptimization events (10 events):
Event: 3963.455 Thread 0x000000000e1ae800 Uncommon trap: reason=class_check action=maybe_recompile pc=0x000000000280b5c0 method=com.google.common.collect.AbstractMapBasedMultimap.get(Ljava/lang/Object;)Ljava/util/Collection; @ 20
Event: 3963.455 Thread 0x000000000e1ae800 Uncommon trap: reason=class_check action=maybe_recompile pc=0x00000000025c3c10 method=com.google.common.collect.AbstractMapBasedMultimap$WrappedCollection.refreshIfEmpty()V @ 59
Event: 3963.455 Thread 0x000000000e1ae800 Uncommon trap: reason=class_check action=maybe_recompile pc=0x000000000268ff7c method=com.google.common.collect.AbstractMapBasedMultimap$KeySet$1.hasNext()Z @ 4
Event: 3963.455 Thread 0x000000000e1ae800 Uncommon trap: reason=class_check action=maybe_recompile pc=0x0000000002649b74 method=com.google.common.collect.AbstractMapBasedMultimap$KeySet$1.next()Ljava/lang/Object; @ 5
Event: 3963.455 Thread 0x000000000e1ae800 Uncommon trap: reason=class_check action=maybe_recompile pc=0x00000000025c4604 method=com.google.common.collect.AbstractMapBasedMultimap$WrappedCollection.refreshIfEmpty()V @ 59
Event: 3963.455 Thread 0x000000000e1ae800 Uncommon trap: reason=class_check action=maybe_recompile pc=0x000000000268ff7c method=com.google.common.collect.AbstractMapBasedMultimap$KeySet$1.hasNext()Z @ 4
Event: 3963.455 Thread 0x000000000e1ae800 Uncommon trap: reason=class_check action=maybe_recompile pc=0x0000000002649b74 method=com.google.common.collect.AbstractMapBasedMultimap$KeySet$1.next()Ljava/lang/Object; @ 5
Event: 3963.455 Thread 0x000000000e1ae800 Uncommon trap: reason=class_check action=maybe_recompile pc=0x000000000268ff7c method=com.google.common.collect.AbstractMapBasedMultimap$KeySet$1.hasNext()Z @ 4
Event: 3963.455 Thread 0x000000000e1ae800 Uncommon trap: reason=class_check action=maybe_recompile pc=0x0000000002649b74 method=com.google.common.collect.AbstractMapBasedMultimap$KeySet$1.next()Ljava/lang/Object; @ 5
Event: 3963.498 Thread 0x000000000e1ae800 Uncommon trap: reason=bimorphic action=maybe_recompile pc=0x00000000024f7ff8 method=java.util.Properties$LineReader.readLine()I @ 402

Internal exceptions (10 events):
Event: 3962.444 Thread 0x000000000e1ae800 Threw 0x00000000f1340aa0 at C:\re\jdk7u79\2331\hotspot\src\share\vm\prims\jvm.cpp:1304
Event: 3962.445 Thread 0x000000000e1ae800 Threw 0x00000000f1346d40 at C:\re\jdk7u79\2331\hotspot\src\share\vm\prims\jvm.cpp:1304
Event: 3962.447 Thread 0x000000000e1ae800 Threw 0x00000000f134ce90 at C:\re\jdk7u79\2331\hotspot\src\share\vm\prims\jvm.cpp:1304
Event: 3962.459 Thread 0x000000000e1ae800 Threw 0x00000000f1412fc8 at C:\re\jdk7u79\2331\hotspot\src\share\vm\prims\jvm.cpp:1304
Event: 3962.588 Thread 0x000000000e1ae800 Threw 0x00000000eb72fb60 at C:\re\jdk7u79\2331\hotspot\src\share\vm\prims\jvm.cpp:1304
Event: 3962.875 Thread 0x000000000e1ae800 Threw 0x00000000ed977c60 at C:\re\jdk7u79\2331\hotspot\src\share\vm\prims\jvm.cpp:1304
Event: 3962.878 Thread 0x000000000e1ae800 Threw 0x00000000ed999a50 at C:\re\jdk7u79\2331\hotspot\src\share\vm\prims\jvm.cpp:1304
Event: 3962.882 Thread 0x000000000e1ae800 Threw 0x00000000ed9c67c0 at C:\re\jdk7u79\2331\hotspot\src\share\vm\prims\jvm.cpp:1304
Event: 3963.253 Thread 0x000000000e1ae800 Implicit null exception at 0x0000000002b5220c to 0x0000000002b56b05
Event: 3963.518 Thread 0x000000000e1ae800 Threw 0x00000000f0d3ff58 at C:\re\jdk7u79\2331\hotspot\src\share\vm\prims\jvm.cpp:1304

Events (10 events):
Event: 3963.560 Executing VM operation: RevokeBias done
Event: 3963.560 Executing VM operation: RevokeBias
Event: 3963.560 Executing VM operation: RevokeBias done
Event: 3963.560 Executing VM operation: RevokeBias
Event: 3963.560 Executing VM operation: RevokeBias done
Event: 3963.560 Thread 0x000000000eff3000 Thread added: 0x000000000eff3000
Event: 3963.561 Thread 0x000000000eff4800 Thread added: 0x000000000eff4800
Event: 3963.561 Thread 0x000000000eff5000 Thread added: 0x000000000eff5000
Event: 3963.561 Thread 0x000000000eff2000 Thread added: 0x000000000eff2000
Event: 3963.561 Thread 0x000000000eff3000 Thread exited: 0x000000000eff3000


Dynamic libraries:
0x00007ff71dcc0000 - 0x00007ff71dcf3000 	C:\Program Files\Java\jdk1.7.0_79\bin\java.exe
0x00007ffbd7230000 - 0x00007ffbd73dd000 	C:\WINDOWS\SYSTEM32\ntdll.dll
0x00007ffbd5420000 - 0x00007ffbd555e000 	C:\WINDOWS\system32\KERNEL32.DLL
0x00007ffbd44b0000 - 0x00007ffbd45c5000 	C:\WINDOWS\system32\KERNELBASE.dll
0x00007ffbd2f10000 - 0x00007ffbd2f9e000 	C:\WINDOWS\system32\apphelp.dll
0x00007ffbb40a0000 - 0x00007ffbb40f3000 	C:\WINDOWS\AppPatch\AppPatch64\AcGenral.DLL
0x00007ffbd5170000 - 0x00007ffbd521a000 	C:\WINDOWS\system32\msvcrt.dll
0x00007ffbd4430000 - 0x00007ffbd445e000 	C:\WINDOWS\system32\SspiCli.dll
0x00007ffbd7130000 - 0x00007ffbd7184000 	C:\WINDOWS\system32\SHLWAPI.dll
0x00007ffbd6fb0000 - 0x00007ffbd7127000 	C:\WINDOWS\system32\USER32.dll
0x00007ffbd58e0000 - 0x00007ffbd5a74000 	C:\WINDOWS\system32\ole32.dll
0x00007ffbd5a80000 - 0x00007ffbd6faa000 	C:\WINDOWS\system32\SHELL32.dll
0x00007ffbd3930000 - 0x00007ffbd3951000 	C:\WINDOWS\SYSTEM32\USERENV.dll
0x00007ffbd4cd0000 - 0x00007ffbd4d7a000 	C:\WINDOWS\system32\ADVAPI32.dll
0x00007ffbc9f80000 - 0x00007ffbc9f9e000 	C:\WINDOWS\SYSTEM32\MPR.dll
0x00007ffbd48d0000 - 0x00007ffbd4a10000 	C:\WINDOWS\system32\RPCRT4.dll
0x00007ffbd4b10000 - 0x00007ffbd4b69000 	C:\WINDOWS\SYSTEM32\sechost.dll
0x00007ffbd56c0000 - 0x00007ffbd58d1000 	C:\WINDOWS\SYSTEM32\combase.dll
0x00007ffbd5560000 - 0x00007ffbd56af000 	C:\WINDOWS\system32\GDI32.dll
0x00007ffbd4360000 - 0x00007ffbd4375000 	C:\WINDOWS\SYSTEM32\profapi.dll
0x00007ffbd2e50000 - 0x00007ffbd2f02000 	C:\WINDOWS\SYSTEM32\SHCORE.dll
0x00007ffbd7190000 - 0x00007ffbd71c6000 	C:\WINDOWS\system32\IMM32.DLL
0x00007ffbd4b70000 - 0x00007ffbd4cc2000 	C:\WINDOWS\system32\MSCTF.dll
0x00007ffbd1a40000 - 0x00007ffbd1cbb000 	C:\WINDOWS\WinSxS\amd64_microsoft.windows.common-controls_6595b64144ccf1df_6.0.9600.18006_none_623f33d3ecbe86e8\COMCTL32.dll
0x000000005b1b0000 - 0x000000005b282000 	C:\Program Files\Java\jdk1.7.0_79\jre\bin\msvcr100.dll
0x000000005b670000 - 0x000000005be45000 	C:\Program Files\Java\jdk1.7.0_79\jre\bin\server\jvm.dll
0x00007ffbcb570000 - 0x00007ffbcb579000 	C:\WINDOWS\SYSTEM32\WSOCK32.dll
0x00007ffbd1930000 - 0x00007ffbd1952000 	C:\WINDOWS\SYSTEM32\WINMM.dll
0x00007ffbd48c0000 - 0x00007ffbd48c7000 	C:\WINDOWS\system32\PSAPI.DLL
0x00007ffbd4f60000 - 0x00007ffbd4fba000 	C:\WINDOWS\system32\WS2_32.dll
0x00007ffbd18f0000 - 0x00007ffbd191a000 	C:\WINDOWS\SYSTEM32\WINMMBASE.dll
0x00007ffbd56b0000 - 0x00007ffbd56b9000 	C:\WINDOWS\system32\NSI.dll
0x00007ffbd4460000 - 0x00007ffbd44af000 	C:\WINDOWS\SYSTEM32\cfgmgr32.dll
0x00007ffbd3180000 - 0x00007ffbd31a8000 	C:\WINDOWS\SYSTEM32\DEVOBJ.dll
0x000000005b660000 - 0x000000005b66f000 	C:\Program Files\Java\jdk1.7.0_79\jre\bin\verify.dll
0x000000005b630000 - 0x000000005b658000 	C:\Program Files\Java\jdk1.7.0_79\jre\bin\java.dll
0x000000005b610000 - 0x000000005b625000 	C:\Program Files\Java\jdk1.7.0_79\jre\bin\zip.dll
0x000000005b5f0000 - 0x000000005b60a000 	C:\Program Files\Java\jdk1.7.0_79\jre\bin\net.dll
0x00007ffbd3ba0000 - 0x00007ffbd3bf9000 	C:\WINDOWS\system32\mswsock.dll
0x000000005b5d0000 - 0x000000005b5e1000 	C:\Program Files\Java\jdk1.7.0_79\jre\bin\nio.dll
0x00007ffbc7860000 - 0x00007ffbc7872000 	C:\Users\Caê\.gradle\native\19\windows-amd64\native-platform.dll
0x00007ffbd3c00000 - 0x00007ffbd3c20000 	C:\WINDOWS\SYSTEM32\CRYPTSP.dll
0x00007ffbd3820000 - 0x00007ffbd3856000 	C:\WINDOWS\system32\rsaenh.dll
0x00007ffbd3e50000 - 0x00007ffbd3e76000 	C:\WINDOWS\SYSTEM32\bcrypt.dll
0x00007ffbd41c0000 - 0x00007ffbd4223000 	C:\WINDOWS\system32\bcryptprimitives.dll
0x00007ffbd4230000 - 0x00007ffbd423b000 	C:\WINDOWS\SYSTEM32\CRYPTBASE.dll
0x00007ffbcd240000 - 0x00007ffbcd26a000 	C:\WINDOWS\SYSTEM32\IPHLPAPI.DLL
0x00007ffbcd220000 - 0x00007ffbcd22a000 	C:\WINDOWS\SYSTEM32\WINNSI.DLL
0x00007ffbcd0d0000 - 0x00007ffbcd0e6000 	C:\WINDOWS\SYSTEM32\dhcpcsvc6.DLL
0x00007ffbcd0b0000 - 0x00007ffbcd0ca000 	C:\WINDOWS\SYSTEM32\dhcpcsvc.DLL
0x000000005b3d0000 - 0x000000005b3db000 	C:\Program Files\Java\jdk1.7.0_79\jre\bin\management.dll

VM Arguments:
jvm_args: -XX:MaxPermSize=256m -XX:+HeapDumpOnOutOfMemoryError -Xmx1024m -Dfile.encoding=windows-1252 -Duser.country=BR -Duser.language=pt -Duser.variant 
java_command: org.gradle.launcher.daemon.bootstrap.GradleDaemon 2.14.1
Launcher Type: SUN_STANDARD

Environment Variables:
PATH=C:\ProgramData\Oracle\Java\javapath;C:\Program Files (x86)\NVIDIA Corporation\PhysX\Common;C:\Program Files (x86)\Intel\iCLS Client\;C:\Program Files\Intel\iCLS Client\;C:\WINDOWS\system32;C:\WINDOWS;C:\WINDOWS\System32\Wbem;C:\WINDOWS\System32\WindowsPowerShell\v1.0\;C:\Program Files\Intel\Intel(R) Management Engine Components\DAL;C:\Program Files\Intel\Intel(R) Management Engine Components\IPT;C:\Program Files (x86)\Intel\Intel(R) Management Engine Components\DAL;C:\Program Files (x86)\Intel\Intel(R) Management Engine Components\IPT;C:\Program Files (x86)\Intel\OpenCL SDK\2.0\bin\x86;C:\Program Files (x86)\Intel\OpenCL SDK\2.0\bin\x64;C:\Program Files (x86)\QuickTime Alternative\QTSystem;C:\Program Files\VDownloader;C:\Program Files\Common Files\Autodesk Shared\;C:\Program Files (x86)\Autodesk\Backburner\;C:\Program Files (x86)\Microsoft SQL Server\Client SDK\ODBC\110\Tools\Binn\;C:\Program Files (x86)\Microsoft SQL Server\120\Tools\Binn\;C:\Program Files (x86)\Microsoft SQL Server\120\DTS\Binn\;C:\Program Files (x86)\Microsoft SQL Server\120\Tools\Binn\ManagementStudio\;C:\Program Files (x86)\Skype\Phone\;C:\Program Files (x86)\GtkSharp\2.12\bin;;C:\Program Files (x86)\Microsoft VS Code\bin
USERNAME=Caê
OS=Windows_NT
PROCESSOR_IDENTIFIER=Intel64 Family 6 Model 58 Stepping 9, GenuineIntel



---------------  S Y S T E M  ---------------

OS: Windows 8.1 , 64 bit Build 9600 

CPU:total 8 (4 cores per cpu, 2 threads per core) family 6 model 58 stepping 9, cmov, cx8, fxsr, mmx, sse, sse2, sse3, ssse3, sse4.1, sse4.2, popcnt, avx, aes, erms, ht, tsc, tscinvbit, tscinv

Memory: 4k page, physical 8271480k(2155216k free), swap 11417208k(4568k free)

vm_info: Java HotSpot(TM) 64-Bit Server VM (24.79-b02) for windows-amd64 JRE (1.7.0_79-b15), built on Apr 10 2015 12:36:16 by "java_re" with unknown MS VC++:1600

time: Thu Sep 08 15:00:24 2016
elapsed time: 3963 seconds

