#
# There is insufficient memory for the Java Runtime Environment to continue.
# Native memory allocation (malloc) failed to allocate 32744 bytes for ChunkPool::allocate
# Possible reasons:
#   The system is out of physical RAM or swap space
#   In 32 bit mode, the process size limit was hit
# Possible solutions:
#   Reduce memory load on the system
#   Increase physical memory or swap space
#   Check if swap backing store is full
#   Use 64 bit Java on a 64 bit OS
#   Decrease Java heap size (-Xmx/-Xms)
#   Decrease number of Java threads
#   Decrease Java thread stack sizes (-Xss)
#   Set larger code cache with -XX:ReservedCodeCacheSize=
# This output file may be truncated or incomplete.
#
#  Out of Memory Error (allocation.cpp:211), pid=9660, tid=7940
#
# JRE version: Java(TM) SE Runtime Environment (7.0_79-b15) (build 1.7.0_79-b15)
# Java VM: Java HotSpot(TM) 64-Bit Server VM (24.79-b02 mixed mode windows-amd64 compressed oops)
# Failed to write core dump. Minidumps are not enabled by default on client versions of Windows
#

---------------  T H R E A D  ---------------

Current thread (0x000000000259d800):  JavaThread "main" [_thread_in_vm, id=7940, stack(0x0000000002460000,0x0000000002560000)]

Stack: [0x0000000002460000,0x0000000002560000]
[error occurred during error reporting (printing stack bounds), id 0xc0000005]

Java frames: (J=compiled Java code, j=interpreted, Vv=VM code)
j  sun.net.www.protocol.file.Handler.createFileURLConnection(Ljava/net/URL;Ljava/io/File;)Ljava/net/URLConnection;+0
j  sun.net.www.protocol.file.Handler.openConnection(Ljava/net/URL;Ljava/net/Proxy;)Ljava/net/URLConnection;+81
j  sun.net.www.protocol.file.Handler.openConnection(Ljava/net/URL;)Ljava/net/URLConnection;+3
j  java.net.URL.openConnection()Ljava/net/URLConnection;+5
j  java.net.URLClassLoader.getPermissions(Ljava/security/CodeSource;)Ljava/security/PermissionCollection;+12
j  sun.misc.Launcher$AppClassLoader.getPermissions(Ljava/security/CodeSource;)Ljava/security/PermissionCollection;+2
j  java.security.SecureClassLoader.getProtectionDomain(Ljava/security/CodeSource;)Ljava/security/ProtectionDomain;+33
j  java.security.SecureClassLoader.defineClass(Ljava/lang/String;[BIILjava/security/CodeSource;)Ljava/lang/Class;+9
j  java.net.URLClassLoader.defineClass(Ljava/lang/String;Lsun/misc/Resource;)Ljava/lang/Class;+220
j  java.net.URLClassLoader.access$100(Ljava/net/URLClassLoader;Ljava/lang/String;Lsun/misc/Resource;)Ljava/lang/Class;+3
j  java.net.URLClassLoader$1.run()Ljava/lang/Class;+43
j  java.net.URLClassLoader$1.run()Ljava/lang/Object;+1
v  ~StubRoutines::call_stub
j  java.security.AccessController.doPrivileged(Ljava/security/PrivilegedExceptionAction;Ljava/security/AccessControlContext;)Ljava/lang/Object;+0
j  java.net.URLClassLoader.findClass(Ljava/lang/String;)Ljava/lang/Class;+13
j  java.lang.ClassLoader.loadClass(Ljava/lang/String;Z)Ljava/lang/Class;+70
j  sun.misc.Launcher$AppClassLoader.loadClass(Ljava/lang/String;Z)Ljava/lang/Class;+36
j  java.lang.ClassLoader.loadClass(Ljava/lang/String;)Ljava/lang/Class;+3
j  sun.launcher.LauncherHelper.checkAndLoadMain(ZILjava/lang/String;)Ljava/lang/Class;+114
v  ~StubRoutines::call_stub

---------------  P R O C E S S  ---------------

Java Threads: ( => current thread )
  0x000000000269d800 JavaThread "Service Thread" daemon [_thread_blocked, id=13224, stack(0x000000000b160000,0x000000000b260000)]
  0x000000000269d000 JavaThread "C2 CompilerThread1" daemon [_thread_blocked, id=8912, stack(0x000000000b060000,0x000000000b160000)]
  0x000000000a981000 JavaThread "C2 CompilerThread0" daemon [_thread_blocked, id=10740, stack(0x000000000af60000,0x000000000b060000)]
  0x000000000268e000 JavaThread "Attach Listener" daemon [_thread_blocked, id=3872, stack(0x000000000ae60000,0x000000000af60000)]
  0x000000000a980800 JavaThread "Signal Dispatcher" daemon [_thread_blocked, id=8696, stack(0x000000000ad60000,0x000000000ae60000)]
  0x00000000089a0000 JavaThread "Finalizer" daemon [_thread_blocked, id=12180, stack(0x000000000a860000,0x000000000a960000)]
  0x0000000008999000 JavaThread "Reference Handler" daemon [_thread_blocked, id=12768, stack(0x000000000a760000,0x000000000a860000)]
=>0x000000000259d800 JavaThread "main" [_thread_in_vm, id=7940, stack(0x0000000002460000,0x0000000002560000)]

Other Threads:
  0x0000000008995800 VMThread [stack: 0x000000000a660000,0x000000000a760000] [id=6872]
  0x000000000a99b000 WatcherThread [stack: 0x000000000b260000,0x000000000b360000] [id=6160]

VM state:not at safepoint (normal execution)

VM Mutex/Monitor currently owned by a thread: None

Heap
 PSYoungGen      total 38400K, used 1331K [0x00000000eaa80000, 0x00000000ed500000, 0x0000000100000000)
  eden space 33280K, 4% used [0x00000000eaa80000,0x00000000eabccdb8,0x00000000ecb00000)
  from space 5120K, 0% used [0x00000000ed000000,0x00000000ed000000,0x00000000ed500000)
  to   space 5120K, 0% used [0x00000000ecb00000,0x00000000ecb00000,0x00000000ed000000)
 ParOldGen       total 86016K, used 0K [0x00000000c0000000, 0x00000000c5400000, 0x00000000eaa80000)
  object space 86016K, 0% used [0x00000000c0000000,0x00000000c0000000,0x00000000c5400000)
 PSPermGen       total 21504K, used 2635K [0x00000000bae00000, 0x00000000bc300000, 0x00000000c0000000)
  object space 21504K, 12% used [0x00000000bae00000,0x00000000bb092d80,0x00000000bc300000)

Card table byte_map: [0x0000000005760000,0x0000000005990000] byte_map_base: 0x0000000005189000

Polling page: 0x0000000000b20000

Code Cache  [0x00000000026a0000, 0x0000000002910000, 0x00000000056a0000)
 total_blobs=169 nmethods=0 adapters=137 free_code_cache=48772Kb largest_free_block=49942592

Compilation events (0 events):
No events

GC Heap History (0 events):
No events

Deoptimization events (0 events):
No events

Internal exceptions (2 events):
Event: 0.038 Thread 0x000000000259d800 Threw 0x00000000eaa8a8c0 at C:\re\jdk7u79\2331\hotspot\src\share\vm\prims\jni.cpp:3991
Event: 0.076 Thread 0x000000000259d800 Threw 0x00000000eaacdc28 at C:\re\jdk7u79\2331\hotspot\src\share\vm\prims\jvm.cpp:1304

Events (10 events):
Event: 0.085 loading class 0x000000000a989080 done
Event: 0.085 loading class 0x000000000a988020 done
Event: 0.086 loading class 0x000000000a9853d0
Event: 0.086 loading class 0x000000000a9853d0 done
Event: 0.086 loading class 0x00000000025f9830
Event: 0.086 loading class 0x0000000002600d40
Event: 0.086 loading class 0x0000000002600d40 done
Event: 0.086 loading class 0x00000000025f9830 done
Event: 0.086 loading class 0x0000000002638890
Event: 0.086 loading class 0x000000000a991cd0


Dynamic libraries:
0x00007ff71dcc0000 - 0x00007ff71dcf3000 	C:\Program Files\Java\jdk1.7.0_79\bin\java.exe
0x00007ffbd7230000 - 0x00007ffbd73dd000 	C:\WINDOWS\SYSTEM32\ntdll.dll
0x00007ffbd5420000 - 0x00007ffbd555e000 	C:\WINDOWS\system32\KERNEL32.DLL
0x00007ffbd44b0000 - 0x00007ffbd45c5000 	C:\WINDOWS\system32\KERNELBASE.dll
0x00007ffbd2f10000 - 0x00007ffbd2f9e000 	C:\WINDOWS\system32\apphelp.dll
0x00007ffbb40a0000 - 0x00007ffbb40f3000 	C:\WINDOWS\AppPatch\AppPatch64\AcGenral.DLL
0x00007ffbd5170000 - 0x00007ffbd521a000 	C:\WINDOWS\system32\msvcrt.dll
0x00007ffbd4430000 - 0x00007ffbd445e000 	C:\WINDOWS\system32\SspiCli.dll
0x00007ffbd7130000 - 0x00007ffbd7184000 	C:\WINDOWS\system32\SHLWAPI.dll
0x00007ffbd6fb0000 - 0x00007ffbd7127000 	C:\WINDOWS\system32\USER32.dll
0x00007ffbd58e0000 - 0x00007ffbd5a74000 	C:\WINDOWS\system32\ole32.dll
0x00007ffbd5a80000 - 0x00007ffbd6faa000 	C:\WINDOWS\system32\SHELL32.dll
0x00007ffbd3930000 - 0x00007ffbd3951000 	C:\WINDOWS\SYSTEM32\USERENV.dll
0x00007ffbd4cd0000 - 0x00007ffbd4d7a000 	C:\WINDOWS\system32\ADVAPI32.dll
0x00007ffbc9f80000 - 0x00007ffbc9f9e000 	C:\WINDOWS\SYSTEM32\MPR.dll
0x00007ffbd48d0000 - 0x00007ffbd4a10000 	C:\WINDOWS\system32\RPCRT4.dll
0x00007ffbd4b10000 - 0x00007ffbd4b69000 	C:\WINDOWS\SYSTEM32\sechost.dll
0x00007ffbd56c0000 - 0x00007ffbd58d1000 	C:\WINDOWS\SYSTEM32\combase.dll
0x00007ffbd5560000 - 0x00007ffbd56af000 	C:\WINDOWS\system32\GDI32.dll
0x00007ffbd4360000 - 0x00007ffbd4375000 	C:\WINDOWS\SYSTEM32\profapi.dll
0x00007ffbd2e50000 - 0x00007ffbd2f02000 	C:\WINDOWS\SYSTEM32\SHCORE.dll
0x00007ffbd7190000 - 0x00007ffbd71c6000 	C:\WINDOWS\system32\IMM32.DLL
0x00007ffbd4b70000 - 0x00007ffbd4cc2000 	C:\WINDOWS\system32\MSCTF.dll
0x00007ffbd1a40000 - 0x00007ffbd1cbb000 	C:\WINDOWS\WinSxS\amd64_microsoft.windows.common-controls_6595b64144ccf1df_6.0.9600.18006_none_623f33d3ecbe86e8\COMCTL32.dll
0x000000005b1b0000 - 0x000000005b282000 	C:\Program Files\Java\jdk1.7.0_79\jre\bin\msvcr100.dll
0x000000005b670000 - 0x000000005be45000 	C:\Program Files\Java\jdk1.7.0_79\jre\bin\server\jvm.dll
0x00007ffbcb570000 - 0x00007ffbcb579000 	C:\WINDOWS\SYSTEM32\WSOCK32.dll
0x00007ffbd1930000 - 0x00007ffbd1952000 	C:\WINDOWS\SYSTEM32\WINMM.dll
0x00007ffbd48c0000 - 0x00007ffbd48c7000 	C:\WINDOWS\system32\PSAPI.DLL
0x00007ffbd4f60000 - 0x00007ffbd4fba000 	C:\WINDOWS\system32\WS2_32.dll
0x00007ffbd18f0000 - 0x00007ffbd191a000 	C:\WINDOWS\SYSTEM32\WINMMBASE.dll
0x00007ffbd56b0000 - 0x00007ffbd56b9000 	C:\WINDOWS\system32\NSI.dll
0x00007ffbd4460000 - 0x00007ffbd44af000 	C:\WINDOWS\SYSTEM32\cfgmgr32.dll
0x00007ffbd3180000 - 0x00007ffbd31a8000 	C:\WINDOWS\SYSTEM32\DEVOBJ.dll
0x000000005b660000 - 0x000000005b66f000 	C:\Program Files\Java\jdk1.7.0_79\jre\bin\verify.dll
0x000000005b630000 - 0x000000005b658000 	C:\Program Files\Java\jdk1.7.0_79\jre\bin\java.dll
0x000000005b610000 - 0x000000005b625000 	C:\Program Files\Java\jdk1.7.0_79\jre\bin\zip.dll

VM Arguments:
jvm_args: -Djava.awt.headless=true -Xmx1024M -Dfile.encoding=windows-1252 -Duser.country=BR -Duser.language=pt -Duser.variant 
java_command: com.android.dx.command.Main --dex --output C:\sdkDoAndroidStudioAqui\aplicativo_monsterkidd\app\build\intermediates\pre-dexed\release\com.android.support-support-vector-drawable-23.2.0_a06f91bf5f11e973770ecc786a682b5e80678f10.jar C:\sdkDoAndroidStudioAqui\aplicativo_monsterkidd\app\build\intermediates\exploded-aar\com.android.support\support-vector-drawable\23.2.0\jars\classes.jar
Launcher Type: SUN_STANDARD

Environment Variables:
PATH=C:\ProgramData\Oracle\Java\javapath;C:\Program Files (x86)\NVIDIA Corporation\PhysX\Common;C:\Program Files (x86)\Intel\iCLS Client\;C:\Program Files\Intel\iCLS Client\;C:\WINDOWS\system32;C:\WINDOWS;C:\WINDOWS\System32\Wbem;C:\WINDOWS\System32\WindowsPowerShell\v1.0\;C:\Program Files\Intel\Intel(R) Management Engine Components\DAL;C:\Program Files\Intel\Intel(R) Management Engine Components\IPT;C:\Program Files (x86)\Intel\Intel(R) Management Engine Components\DAL;C:\Program Files (x86)\Intel\Intel(R) Management Engine Components\IPT;C:\Program Files (x86)\Intel\OpenCL SDK\2.0\bin\x86;C:\Program Files (x86)\Intel\OpenCL SDK\2.0\bin\x64;C:\Program Files (x86)\QuickTime Alternative\QTSystem;C:\Program Files\VDownloader;C:\Program Files\Common Files\Autodesk Shared\;C:\Program Files (x86)\Autodesk\Backburner\;C:\Program Files (x86)\Microsoft SQL Server\Client SDK\ODBC\110\Tools\Binn\;C:\Program Files (x86)\Microsoft SQL Server\120\Tools\Binn\;C:\Program Files (x86)\Microsoft SQL Server\120\DTS\Binn\;C:\Program Files (x86)\Microsoft SQL Server\120\Tools\Binn\ManagementStudio\;C:\Program Files (x86)\Skype\Phone\;C:\Program Files (x86)\GtkSharp\2.12\bin;;C:\Program Files (x86)\Microsoft VS Code\bin
USERNAME=Caê
OS=Windows_NT
PROCESSOR_IDENTIFIER=Intel64 Family 6 Model 58 Stepping 9, GenuineIntel



---------------  S Y S T E M  ---------------

OS: Windows 8.1 , 64 bit Build 9600 

CPU:total 8 (4 cores per cpu, 2 threads per core) family 6 model 58 stepping 9, cmov, cx8, fxsr, mmx, sse, sse2, sse3, ssse3, sse4.1, sse4.2, popcnt, avx, aes, erms, ht, tsc, tscinvbit, tscinv

Memory: 4k page, physical 8271480k(2155300k free), swap 11417208k(4580k free)

vm_info: Java HotSpot(TM) 64-Bit Server VM (24.79-b02) for windows-amd64 JRE (1.7.0_79-b15), built on Apr 10 2015 12:36:16 by "java_re" with unknown MS VC++:1600

time: Thu Sep 08 15:00:24 2016
elapsed time: 0 seconds

